<?xml version="1.0" encoding="UTF-8"?>
<testng-results ignored="0" total="1" passed="1" failed="0" skipped="0">
  <reporter-output>
  </reporter-output>
  <suite started-at="2019-11-06T14:31:28 IST" name="Command line suite" finished-at="2019-11-06T14:31:28 IST" duration-ms="41">
    <groups>
    </groups>
    <test started-at="2019-11-06T14:31:28 IST" name="Command line test" finished-at="2019-11-06T14:31:28 IST" duration-ms="41">
      <class name="Hybrid.Framework.AppTest">
        <test-method signature="testApp()" started-at="2019-11-06T14:31:28 IST" name="testApp" finished-at="2019-11-06T14:31:28 IST" duration-ms="8" status="PASS">
          <reporter-output>
          </reporter-output>
        </test-method> <!-- testApp -->
      </class> <!-- Hybrid.Framework.AppTest -->
    </test> <!-- Command line test -->
  </suite> <!-- Command line suite -->
</testng-results>
